<?xml version="1.0" encoding="UTF-8"?>
<coverage generated="1558039987208" clover="4.3.1">
   <project name="kavics 1.0.0" timestamp="1558039974287">
      <metrics coveredelements="0" complexity="190" loc="916" methods="41" classes="8" statements="271" packages="1" coveredconditionals="0" coveredmethods="0" elements="390" ncloc="500" files="4" conditionals="78" coveredstatements="0"/>
      <package name="kavicsos_jatek.kavics">
         <metrics coveredelements="0" complexity="190" loc="916" methods="41" classes="8" statements="271" coveredconditionals="0" coveredmethods="0" elements="390" ncloc="500" files="4" conditionals="78" coveredstatements="0"/>
         <file path="C:\Users\juszt\Desktop\4x4GAME-Jusztinn\src\main\java\kavicsos_jatek\kavics\elozmenyek.java" name="elozmenyek.java">
            <metrics coveredelements="0" coveredconditionals="0" complexity="16" loc="125" coveredmethods="0" methods="7" elements="36" classes="2" ncloc="62" statements="25" conditionals="4" coveredstatements="0"/>
            <class name="elozmenyek">
               <metrics coveredelements="0" coveredconditionals="0" complexity="15" coveredmethods="0" methods="6" elements="31" statements="21" conditionals="4" coveredstatements="0"/>
            </class>
            <class name="elozmenyek.Drawing">
               <metrics coveredelements="0" coveredconditionals="0" complexity="1" coveredmethods="0" methods="1" elements="5" statements="4" conditionals="0" coveredstatements="0"/>
            </class>
            <line complexity="1" visibility="public" signature="elozmenyek()" num="47" count="0" type="method"/>
            <line num="48" count="0" type="stmt"/>
            <line num="49" count="0" type="stmt"/>
            <line num="50" count="0" type="stmt"/>
            <line num="51" count="0" type="stmt"/>
            <line num="52" count="0" type="stmt"/>
            <line num="53" count="0" type="stmt"/>
            <line num="54" count="0" type="stmt"/>
            <line num="55" count="0" type="stmt"/>
            <line num="56" count="0" type="stmt"/>
            <line num="57" count="0" type="stmt"/>
            <line num="58" count="0" type="stmt"/>
            <line num="59" count="0" type="stmt"/>
            <line complexity="1" visibility="public" signature="paint(Graphics) : void" num="71" count="0" type="method"/>
            <line num="72" count="0" type="stmt"/>
            <line num="73" count="0" type="stmt"/>
            <line num="74" count="0" type="stmt"/>
            <line num="75" count="0" type="stmt"/>
            <line complexity="1" visibility="public" signature="mousePressed(MouseEvent) : void" num="82" count="0" type="method"/>
            <line complexity="10" visibility="public" signature="mouseReleased(MouseEvent) : void" num="88" count="0" type="method"/>
            <line num="89" count="0" type="stmt"/>
            <line num="90" count="0" type="stmt"/>
            <line num="91" count="0" type="stmt"/>
            <line falsecount="0" truecount="0" num="91" type="cond"/>
            <line num="93" count="0" type="stmt"/>
            <line num="94" count="0" type="stmt"/>
            <line num="96" count="0" type="stmt"/>
            <line falsecount="0" truecount="0" num="96" type="cond"/>
            <line num="98" count="0" type="stmt"/>
            <line num="100" count="0" type="stmt"/>
            <line num="104" count="0" type="stmt"/>
            <line complexity="1" visibility="public" signature="mouseClicked(MouseEvent) : void" num="111" count="0" type="method"/>
            <line complexity="1" visibility="public" signature="mouseEntered(MouseEvent) : void" num="117" count="0" type="method"/>
            <line complexity="1" visibility="public" signature="mouseExited(MouseEvent) : void" num="123" count="0" type="method"/>
         </file>
         <file path="C:\Users\juszt\Desktop\4x4GAME-Jusztinn\src\main\java\kavicsos_jatek\kavics\jatekablak.java" name="jatekablak.java">
            <metrics coveredelements="0" coveredconditionals="0" complexity="135" loc="515" coveredmethods="0" methods="19" elements="266" classes="2" ncloc="304" statements="185" conditionals="62" coveredstatements="0"/>
            <class name="jatekablak">
               <metrics coveredelements="0" coveredconditionals="0" complexity="132" coveredmethods="0" methods="18" elements="250" statements="174" conditionals="58" coveredstatements="0"/>
            </class>
            <class name="jatekablak.Drawing">
               <metrics coveredelements="0" coveredconditionals="0" complexity="3" coveredmethods="0" methods="1" elements="16" statements="11" conditionals="4" coveredstatements="0"/>
            </class>
            <line complexity="2" visibility="public" signature="jatekablak()" num="97" count="0" type="method"/>
            <line num="99" count="0" type="stmt"/>
            <line falsecount="0" truecount="0" num="99" type="cond"/>
            <line num="100" count="0" type="stmt"/>
            <line num="101" count="0" type="stmt"/>
            <line num="102" count="0" type="stmt"/>
            <line num="103" count="0" type="stmt"/>
            <line num="104" count="0" type="stmt"/>
            <line num="105" count="0" type="stmt"/>
            <line num="106" count="0" type="stmt"/>
            <line num="107" count="0" type="stmt"/>
            <line num="108" count="0" type="stmt"/>
            <line num="109" count="0" type="stmt"/>
            <line num="110" count="0" type="stmt"/>
            <line num="111" count="0" type="stmt"/>
            <line complexity="4" visibility="public" signature="fullBoard() : boolean" num="124" count="0" type="method"/>
            <line num="129" count="0" type="stmt"/>
            <line num="130" count="0" type="stmt"/>
            <line falsecount="0" truecount="0" num="130" type="cond"/>
            <line num="131" count="0" type="stmt"/>
            <line falsecount="0" truecount="0" num="131" type="cond"/>
            <line num="132" count="0" type="stmt"/>
            <line falsecount="0" truecount="0" num="132" type="cond"/>
            <line num="133" count="0" type="stmt"/>
            <line num="136" count="0" type="stmt"/>
            <line complexity="4" visibility="package" signature="mezok_ellenorzese() : int" num="143" count="0" type="method"/>
            <line num="148" count="0" type="stmt"/>
            <line num="149" count="0" type="stmt"/>
            <line falsecount="0" truecount="0" num="149" type="cond"/>
            <line num="150" count="0" type="stmt"/>
            <line falsecount="0" truecount="0" num="150" type="cond"/>
            <line num="151" count="0" type="stmt"/>
            <line falsecount="0" truecount="0" num="151" type="cond"/>
            <line num="152" count="0" type="stmt"/>
            <line num="155" count="0" type="stmt"/>
            <line complexity="4" visibility="public" signature="fajlkezeles() : void" num="163" count="0" type="method"/>
            <line num="164" count="0" type="stmt"/>
            <line num="165" count="0" type="stmt"/>
            <line num="166" count="0" type="stmt"/>
            <line falsecount="0" truecount="0" num="166" type="cond"/>
            <line num="168" count="0" type="stmt"/>
            <line num="169" count="0" type="stmt"/>
            <line num="170" count="0" type="stmt"/>
            <line num="171" count="0" type="stmt"/>
            <line num="172" count="0" type="stmt"/>
            <line num="173" count="0" type="stmt"/>
            <line num="174" count="0" type="stmt"/>
            <line num="176" count="0" type="stmt"/>
            <line num="178" count="0" type="stmt"/>
            <line num="179" count="0" type="stmt"/>
            <line num="180" count="0" type="stmt"/>
            <line num="181" count="0" type="stmt"/>
            <line num="183" count="0" type="stmt"/>
            <line num="187" count="0" type="stmt"/>
            <line num="193" count="0" type="stmt"/>
            <line num="194" count="0" type="stmt"/>
            <line num="195" count="0" type="stmt"/>
            <line num="196" count="0" type="stmt"/>
            <line num="197" count="0" type="stmt"/>
            <line num="199" count="0" type="stmt"/>
            <line num="201" count="0" type="stmt"/>
            <line num="202" count="0" type="stmt"/>
            <line num="203" count="0" type="stmt"/>
            <line num="204" count="0" type="stmt"/>
            <line num="205" count="0" type="stmt"/>
            <line num="207" count="0" type="stmt"/>
            <line num="211" count="0" type="stmt"/>
            <line complexity="1" visibility="private" signature="jatszmak(Document,String,String) : Node" num="223" count="0" type="method"/>
            <line num="224" count="0" type="stmt"/>
            <line num="225" count="0" type="stmt"/>
            <line num="226" count="0" type="stmt"/>
            <line num="227" count="0" type="stmt"/>
            <line complexity="1" visibility="private" signature="jatszmaelem(Document,Element,String,String) : Node" num="239" count="0" type="method"/>
            <line num="240" count="0" type="stmt"/>
            <line num="241" count="0" type="stmt"/>
            <line num="242" count="0" type="stmt"/>
            <line complexity="1" visibility="public" signature="datum() : void" num="248" count="0" type="method"/>
            <line num="250" count="0" type="stmt"/>
            <line num="251" count="0" type="stmt"/>
            <line num="252" count="0" type="stmt"/>
            <line complexity="3" visibility="public" signature="jatekvege() : void" num="263" count="0" type="method"/>
            <line num="265" count="0" type="stmt"/>
            <line num="266" count="0" type="stmt"/>
            <line num="266" count="0" type="stmt"/>
            <line num="266" count="0" type="stmt"/>
            <line falsecount="0" truecount="0" num="266" type="cond"/>
            <line num="267" count="0" type="stmt"/>
            <line num="267" count="0" type="stmt"/>
            <line num="267" count="0" type="stmt"/>
            <line falsecount="0" truecount="0" num="267" type="cond"/>
            <line num="268" count="0" type="stmt"/>
            <line num="269" count="0" type="stmt"/>
            <line num="270" count="0" type="stmt"/>
            <line num="271" count="0" type="stmt"/>
            <line num="272" count="0" type="stmt"/>
            <line complexity="48" visibility="public" signature="elso(int,int) : void" num="283" count="0" type="method"/>
            <line num="285" count="0" type="stmt"/>
            <line falsecount="0" truecount="0" num="285" type="cond"/>
            <line num="287" count="0" type="stmt"/>
            <line num="288" count="0" type="stmt"/>
            <line num="289" count="0" type="stmt"/>
            <line num="290" count="0" type="stmt"/>
            <line num="291" count="0" type="stmt"/>
            <line num="294" count="0" type="stmt"/>
            <line falsecount="0" truecount="0" num="294" type="cond"/>
            <line num="296" count="0" type="stmt"/>
            <line num="297" count="0" type="stmt"/>
            <line num="298" count="0" type="stmt"/>
            <line num="299" count="0" type="stmt"/>
            <line num="300" count="0" type="stmt"/>
            <line num="304" count="0" type="stmt"/>
            <line falsecount="0" truecount="0" num="304" type="cond"/>
            <line num="309" count="0" type="stmt"/>
            <line num="310" count="0" type="stmt"/>
            <line num="311" count="0" type="stmt"/>
            <line num="312" count="0" type="stmt"/>
            <line num="313" count="0" type="stmt"/>
            <line num="316" count="0" type="stmt"/>
            <line falsecount="0" truecount="0" num="316" type="cond"/>
            <line num="323" count="0" type="stmt"/>
            <line num="324" count="0" type="stmt"/>
            <line num="325" count="0" type="stmt"/>
            <line num="328" count="0" type="stmt"/>
            <line falsecount="0" truecount="0" num="328" type="cond"/>
            <line num="329" count="0" type="stmt"/>
            <line num="331" count="0" type="stmt"/>
            <line falsecount="0" truecount="0" num="331" type="cond"/>
            <line num="333" count="0" type="stmt"/>
            <line num="334" count="0" type="stmt"/>
            <line num="335" count="0" type="stmt"/>
            <line num="335" count="0" type="stmt"/>
            <line num="335" count="0" type="stmt"/>
            <line num="335" count="0" type="stmt"/>
            <line num="335" count="0" type="stmt"/>
            <line num="335" count="0" type="stmt"/>
            <line num="335" count="0" type="stmt"/>
            <line complexity="48" visibility="public" signature="masodik(int,int) : void" num="347" count="0" type="method"/>
            <line num="349" count="0" type="stmt"/>
            <line falsecount="0" truecount="0" num="349" type="cond"/>
            <line num="351" count="0" type="stmt"/>
            <line num="352" count="0" type="stmt"/>
            <line num="353" count="0" type="stmt"/>
            <line num="354" count="0" type="stmt"/>
            <line num="355" count="0" type="stmt"/>
            <line num="358" count="0" type="stmt"/>
            <line falsecount="0" truecount="0" num="358" type="cond"/>
            <line num="360" count="0" type="stmt"/>
            <line num="361" count="0" type="stmt"/>
            <line num="362" count="0" type="stmt"/>
            <line num="363" count="0" type="stmt"/>
            <line num="364" count="0" type="stmt"/>
            <line num="368" count="0" type="stmt"/>
            <line falsecount="0" truecount="0" num="368" type="cond"/>
            <line num="373" count="0" type="stmt"/>
            <line num="374" count="0" type="stmt"/>
            <line num="375" count="0" type="stmt"/>
            <line num="376" count="0" type="stmt"/>
            <line num="377" count="0" type="stmt"/>
            <line num="380" count="0" type="stmt"/>
            <line falsecount="0" truecount="0" num="380" type="cond"/>
            <line num="387" count="0" type="stmt"/>
            <line num="388" count="0" type="stmt"/>
            <line num="389" count="0" type="stmt"/>
            <line num="392" count="0" type="stmt"/>
            <line falsecount="0" truecount="0" num="392" type="cond"/>
            <line num="393" count="0" type="stmt"/>
            <line num="395" count="0" type="stmt"/>
            <line falsecount="0" truecount="0" num="395" type="cond"/>
            <line num="397" count="0" type="stmt"/>
            <line num="398" count="0" type="stmt"/>
            <line num="399" count="0" type="stmt"/>
            <line num="399" count="0" type="stmt"/>
            <line num="399" count="0" type="stmt"/>
            <line num="399" count="0" type="stmt"/>
            <line num="399" count="0" type="stmt"/>
            <line num="399" count="0" type="stmt"/>
            <line num="399" count="0" type="stmt"/>
            <line complexity="3" visibility="public" signature="paint(Graphics) : void" num="410" count="0" type="method"/>
            <line num="411" count="0" type="stmt"/>
            <line num="412" count="0" type="stmt"/>
            <line falsecount="0" truecount="0" num="412" type="cond"/>
            <line num="413" count="0" type="stmt"/>
            <line falsecount="0" truecount="0" num="413" type="cond"/>
            <line num="414" count="0" type="stmt"/>
            <line num="416" count="0" type="stmt"/>
            <line num="417" count="0" type="stmt"/>
            <line num="418" count="0" type="stmt"/>
            <line num="419" count="0" type="stmt"/>
            <line num="421" count="0" type="stmt"/>
            <line num="422" count="0" type="stmt"/>
            <line num="423" count="0" type="stmt"/>
            <line complexity="4" visibility="public" signature="mouseReleased(MouseEvent) : void" num="431" count="0" type="method"/>
            <line num="433" count="0" type="stmt"/>
            <line falsecount="0" truecount="0" num="433" type="cond"/>
            <line num="438" count="0" type="stmt"/>
            <line num="442" count="0" type="stmt"/>
            <line num="443" count="0" type="stmt"/>
            <line falsecount="0" truecount="0" num="443" type="cond"/>
            <line num="444" count="0" type="stmt"/>
            <line num="445" count="0" type="stmt"/>
            <line falsecount="0" truecount="0" num="445" type="cond"/>
            <line num="446" count="0" type="stmt"/>
            <line complexity="6" visibility="public" signature="keyPressed(KeyEvent) : void" num="453" count="0" type="method"/>
            <line num="457" count="0" type="stmt"/>
            <line num="458" count="0" type="stmt"/>
            <line falsecount="0" truecount="0" num="458" type="cond"/>
            <line num="460" count="0" type="stmt"/>
            <line num="461" count="0" type="stmt"/>
            <line num="461" count="0" type="stmt"/>
            <line num="461" count="0" type="stmt"/>
            <line num="461" count="0" type="stmt"/>
            <line num="461" count="0" type="stmt"/>
            <line num="461" count="0" type="stmt"/>
            <line num="461" count="0" type="stmt"/>
            <line num="462" count="0" type="stmt"/>
            <line falsecount="0" truecount="0" num="462" type="cond"/>
            <line num="463" count="0" type="stmt"/>
            <line num="464" count="0" type="stmt"/>
            <line falsecount="0" truecount="0" num="464" type="cond"/>
            <line num="465" count="0" type="stmt"/>
            <line num="467" count="0" type="stmt"/>
            <line falsecount="0" truecount="0" num="467" type="cond"/>
            <line num="469" count="0" type="stmt"/>
            <line num="470" count="0" type="stmt"/>
            <line num="471" count="0" type="stmt"/>
            <line num="472" count="0" type="stmt"/>
            <line num="473" count="0" type="stmt"/>
            <line num="474" count="0" type="stmt"/>
            <line num="475" count="0" type="stmt"/>
            <line complexity="1" visibility="public" signature="keyReleased(KeyEvent) : void" num="483" count="0" type="method"/>
            <line complexity="1" visibility="public" signature="keyTyped(KeyEvent) : void" num="489" count="0" type="method"/>
            <line complexity="1" visibility="public" signature="mouseClicked(MouseEvent) : void" num="495" count="0" type="method"/>
            <line complexity="1" visibility="public" signature="mouseEntered(MouseEvent) : void" num="501" count="0" type="method"/>
            <line complexity="1" visibility="public" signature="mouseExited(MouseEvent) : void" num="507" count="0" type="method"/>
            <line complexity="1" visibility="public" signature="mousePressed(MouseEvent) : void" num="513" count="0" type="method"/>
         </file>
         <file path="C:\Users\juszt\Desktop\4x4GAME-Jusztinn\src\main\java\kavicsos_jatek\kavics\kezdokepernyo.java" name="kezdokepernyo.java">
            <metrics coveredelements="0" coveredconditionals="0" complexity="20" loc="138" coveredmethods="0" methods="8" elements="44" classes="2" ncloc="67" statements="30" conditionals="6" coveredstatements="0"/>
            <class name="kezdokepernyo">
               <metrics coveredelements="0" coveredconditionals="0" complexity="19" coveredmethods="0" methods="7" elements="38" statements="25" conditionals="6" coveredstatements="0"/>
            </class>
            <class name="kezdokepernyo.Drawing">
               <metrics coveredelements="0" coveredconditionals="0" complexity="1" coveredmethods="0" methods="1" elements="6" statements="5" conditionals="0" coveredstatements="0"/>
            </class>
            <line complexity="1" visibility="public" signature="kezdokepernyo()" num="53" count="0" type="method"/>
            <line num="54" count="0" type="stmt"/>
            <line num="55" count="0" type="stmt"/>
            <line num="56" count="0" type="stmt"/>
            <line num="57" count="0" type="stmt"/>
            <line num="58" count="0" type="stmt"/>
            <line num="59" count="0" type="stmt"/>
            <line num="60" count="0" type="stmt"/>
            <line num="61" count="0" type="stmt"/>
            <line num="62" count="0" type="stmt"/>
            <line num="63" count="0" type="stmt"/>
            <line num="64" count="0" type="stmt"/>
            <line num="65" count="0" type="stmt"/>
            <line num="66" count="0" type="stmt"/>
            <line complexity="1" visibility="public" signature="paint(Graphics) : void" num="76" count="0" type="method"/>
            <line num="77" count="0" type="stmt"/>
            <line num="78" count="0" type="stmt"/>
            <line num="79" count="0" type="stmt"/>
            <line num="80" count="0" type="stmt"/>
            <line num="81" count="0" type="stmt"/>
            <line complexity="1" visibility="public" signature="mousePressed(MouseEvent) : void" num="88" count="0" type="method"/>
            <line complexity="13" visibility="public" signature="mouseReleased(MouseEvent) : void" num="94" count="0" type="method"/>
            <line num="95" count="0" type="stmt"/>
            <line num="96" count="0" type="stmt"/>
            <line num="97" count="0" type="stmt"/>
            <line falsecount="0" truecount="0" num="97" type="cond"/>
            <line num="99" count="0" type="stmt"/>
            <line num="100" count="0" type="stmt"/>
            <line num="102" count="0" type="stmt"/>
            <line falsecount="0" truecount="0" num="102" type="cond"/>
            <line num="104" count="0" type="stmt"/>
            <line num="105" count="0" type="stmt"/>
            <line num="107" count="0" type="stmt"/>
            <line falsecount="0" truecount="0" num="107" type="cond"/>
            <line num="109" count="0" type="stmt"/>
            <line num="110" count="0" type="stmt"/>
            <line complexity="1" visibility="public" signature="mouseClicked(MouseEvent) : void" num="117" count="0" type="method"/>
            <line complexity="1" visibility="public" signature="mouseEntered(MouseEvent) : void" num="123" count="0" type="method"/>
            <line complexity="1" visibility="public" signature="mouseExited(MouseEvent) : void" num="129" count="0" type="method"/>
            <line complexity="1" visibility="public" signature="main(String[]) : void" num="135" count="0" type="method"/>
            <line num="136" count="0" type="stmt"/>
         </file>
         <file path="C:\Users\juszt\Desktop\4x4GAME-Jusztinn\src\main\java\kavicsos_jatek\kavics\szabalyok.java" name="szabalyok.java">
            <metrics coveredelements="0" coveredconditionals="0" complexity="19" loc="138" coveredmethods="0" methods="7" elements="44" classes="2" ncloc="67" statements="31" conditionals="6" coveredstatements="0"/>
            <class name="szabalyok">
               <metrics coveredelements="0" coveredconditionals="0" complexity="18" coveredmethods="0" methods="6" elements="37" statements="25" conditionals="6" coveredstatements="0"/>
            </class>
            <class name="szabalyok.Drawing">
               <metrics coveredelements="0" coveredconditionals="0" complexity="1" coveredmethods="0" methods="1" elements="7" statements="6" conditionals="0" coveredstatements="0"/>
            </class>
            <line complexity="1" visibility="public" signature="szabalyok()" num="55" count="0" type="method"/>
            <line num="57" count="0" type="stmt"/>
            <line num="58" count="0" type="stmt"/>
            <line num="59" count="0" type="stmt"/>
            <line num="60" count="0" type="stmt"/>
            <line num="61" count="0" type="stmt"/>
            <line num="62" count="0" type="stmt"/>
            <line num="63" count="0" type="stmt"/>
            <line num="64" count="0" type="stmt"/>
            <line num="65" count="0" type="stmt"/>
            <line num="66" count="0" type="stmt"/>
            <line num="67" count="0" type="stmt"/>
            <line num="68" count="0" type="stmt"/>
            <line num="69" count="0" type="stmt"/>
            <line num="70" count="0" type="stmt"/>
            <line complexity="1" visibility="public" signature="paint(Graphics) : void" num="80" count="0" type="method"/>
            <line num="81" count="0" type="stmt"/>
            <line num="82" count="0" type="stmt"/>
            <line num="83" count="0" type="stmt"/>
            <line num="84" count="0" type="stmt"/>
            <line num="85" count="0" type="stmt"/>
            <line num="86" count="0" type="stmt"/>
            <line complexity="1" visibility="public" signature="mousePressed(MouseEvent) : void" num="93" count="0" type="method"/>
            <line complexity="13" visibility="public" signature="mouseReleased(MouseEvent) : void" num="101" count="0" type="method"/>
            <line num="102" count="0" type="stmt"/>
            <line num="103" count="0" type="stmt"/>
            <line num="104" count="0" type="stmt"/>
            <line falsecount="0" truecount="0" num="104" type="cond"/>
            <line num="106" count="0" type="stmt"/>
            <line num="107" count="0" type="stmt"/>
            <line num="109" count="0" type="stmt"/>
            <line falsecount="0" truecount="0" num="109" type="cond"/>
            <line num="111" count="0" type="stmt"/>
            <line num="112" count="0" type="stmt"/>
            <line num="114" count="0" type="stmt"/>
            <line falsecount="0" truecount="0" num="114" type="cond"/>
            <line num="116" count="0" type="stmt"/>
            <line num="117" count="0" type="stmt"/>
            <line complexity="1" visibility="public" signature="mouseClicked(MouseEvent) : void" num="124" count="0" type="method"/>
            <line complexity="1" visibility="public" signature="mouseEntered(MouseEvent) : void" num="130" count="0" type="method"/>
            <line complexity="1" visibility="public" signature="mouseExited(MouseEvent) : void" num="136" count="0" type="method"/>
         </file>
      </package>
   </project>
   <testproject name="kavics 1.0.0" timestamp="1558039974287">
      <metrics coveredelements="17" complexity="7" loc="46" methods="4" classes="2" statements="9" packages="1" coveredconditionals="5" coveredmethods="4" elements="19" ncloc="34" files="2" conditionals="6" coveredstatements="8"/>
      <package name="kavicsos_jatek.kavics">
         <metrics coveredelements="17" complexity="7" loc="46" methods="4" classes="2" statements="9" coveredconditionals="5" coveredmethods="4" elements="19" ncloc="34" files="2" conditionals="6" coveredstatements="8"/>
         <file path="C:\Users\juszt\Desktop\4x4GAME-Jusztinn\src\test\java\kavicsos_jatek\kavics\jatekablakTest.java" name="jatekablakTest.java">
            <metrics coveredelements="15" coveredconditionals="5" complexity="6" loc="34" coveredmethods="3" methods="3" elements="17" classes="1" ncloc="26" statements="8" conditionals="6" coveredstatements="7"/>
            <class name="jatekablakTest">
               <metrics coveredelements="15" complexity="6" methods="3" testruns="4" statements="8" coveredconditionals="5" coveredmethods="3" elements="17" testfailures="0" testduration="1.96" conditionals="6" coveredstatements="7" testpasses="4"/>
            </class>
            <line complexity="4" visibility="public" signature="setUp() : void" num="12" count="4" type="method"/>
            <line num="14" count="4" type="stmt"/>
            <line num="15" count="4" type="stmt"/>
            <line num="16" count="4" type="stmt"/>
            <line num="18" count="4" type="stmt"/>
            <line falsecount="4" truecount="16" num="18" type="cond"/>
            <line num="19" count="16" type="stmt"/>
            <line falsecount="16" truecount="64" num="19" type="cond"/>
            <line num="20" count="64" type="stmt"/>
            <line falsecount="64" truecount="0" num="20" type="cond"/>
            <line num="21" count="0" type="stmt"/>
            <line complexity="1" visibility="public" signature="tearDown() : void" num="26" count="4" type="method"/>
            <line complexity="1" visibility="public" signature="test() : void" num="30" testsuccess="true" count="4" testduration="0.489" type="method"/>
            <line num="32" count="4" type="stmt"/>
         </file>
         <file path="C:\Users\juszt\Desktop\4x4GAME-Jusztinn\src\test\java\kavicsos_jatek\kavics\jatekvegeTest.java" name="jatekvegeTest.java">
            <metrics coveredelements="2" coveredconditionals="0" complexity="1" loc="12" coveredmethods="1" methods="1" elements="2" classes="1" ncloc="8" statements="1" conditionals="0" coveredstatements="1"/>
            <class name="jatekvegeTest">
               <metrics coveredelements="2" complexity="1" methods="1" testruns="1" statements="1" coveredconditionals="0" coveredmethods="1" elements="2" testfailures="0" testduration="0.0" conditionals="0" coveredstatements="1" testpasses="1"/>
            </class>
            <line complexity="1" visibility="public" signature="test() : void" num="8" testsuccess="true" count="1" testduration="0.0" type="method"/>
            <line num="10" count="1" type="stmt"/>
         </file>
      </package>
   </testproject>
</coverage>